[2022-12-07 13:23:01,094] ERROR [name.<module>:15] test
Traceback (most recent call last):
  File "/home/vmadmin/python/v6/file-service-02/cy_kit/test.py", line 13, in <module>
    raise Exception("test")
Exception: test
[2022-12-07 13:23:01,096] INFO [name.<module>:16] Hello
